<?xml version="1.0" encoding="UTF-8"?>
<testng-results skipped="0" failed="0" ignored="2" total="6" passed="4">
  <reporter-output>
  </reporter-output>
  <suite name="Suite1" duration-ms="300" started-at="2017-10-28T16:08:21Z" finished-at="2017-10-28T16:08:21Z">
    <groups>
    </groups>
    <test name="Regression1" duration-ms="300" started-at="2017-10-28T16:08:21Z" finished-at="2017-10-28T16:08:21Z">
      <class name="pkg.testOnlyOnClass">
        <test-method status="PASS" signature="bClass()[pri:0, instance:pkg.testOnlyOnClass@6d78f375]" name="bClass" is-config="true" duration-ms="2" started-at="2017-10-28T21:38:21Z" finished-at="2017-10-28T21:38:21Z">
          <reporter-output>
          </reporter-output>
        </test-method> <!-- bClass -->
        <test-method status="PASS" signature="a1Class()[pri:0, instance:pkg.testOnlyOnClass@6d78f375]" name="a1Class" is-config="true" duration-ms="1" started-at="2017-10-28T21:38:21Z" finished-at="2017-10-28T21:38:21Z">
          <reporter-output>
          </reporter-output>
        </test-method> <!-- a1Class -->
        <test-method status="PASS" signature="a1Class()[pri:0, instance:pkg.testOnlyOnClass@6d78f375]" name="a1Class" is-config="true" duration-ms="4" started-at="2017-10-28T21:38:21Z" finished-at="2017-10-28T21:38:21Z">
          <reporter-output>
          </reporter-output>
        </test-method> <!-- a1Class -->
        <test-method status="PASS" signature="test3()[pri:0, instance:pkg.testOnlyOnClass@6d78f375]" name="test3" duration-ms="31" started-at="2017-10-28T21:38:21Z" finished-at="2017-10-28T21:38:21Z">
          <reporter-output>
          </reporter-output>
        </test-method> <!-- test3 -->
        <test-method status="PASS" signature="test2()[pri:0, instance:pkg.testOnlyOnClass@6d78f375]" name="test2" duration-ms="17" started-at="2017-10-28T21:38:21Z" finished-at="2017-10-28T21:38:21Z">
          <reporter-output>
          </reporter-output>
        </test-method> <!-- test2 -->
        <test-method status="PASS" signature="a2Class()[pri:0, instance:pkg.testOnlyOnClass@6d78f375]" name="a2Class" is-config="true" duration-ms="1" started-at="2017-10-28T21:38:21Z" finished-at="2017-10-28T21:38:21Z">
          <reporter-output>
          </reporter-output>
        </test-method> <!-- a2Class -->
        <test-method status="PASS" signature="a2Class()[pri:0, instance:pkg.testOnlyOnClass@6d78f375]" name="a2Class" is-config="true" duration-ms="1" started-at="2017-10-28T21:38:21Z" finished-at="2017-10-28T21:38:21Z">
          <reporter-output>
          </reporter-output>
        </test-method> <!-- a2Class -->
        <test-method status="PASS" signature="aClass()[pri:0, instance:pkg.testOnlyOnClass@6d78f375]" name="aClass" is-config="true" duration-ms="1" started-at="2017-10-28T21:38:21Z" finished-at="2017-10-28T21:38:21Z">
          <reporter-output>
          </reporter-output>
        </test-method> <!-- aClass -->
      </class> <!-- pkg.testOnlyOnClass -->
      <class name="pkg.Demo">
        <test-method status="PASS" signature="bTest()[pri:0, instance:pkg.Demo@7ac7a4e4]" name="bTest" is-config="true" duration-ms="23" started-at="2017-10-28T21:38:21Z" finished-at="2017-10-28T21:38:21Z">
          <reporter-output>
          </reporter-output>
        </test-method> <!-- bTest -->
        <test-method status="PASS" signature="bClass()[pri:0, instance:pkg.Demo@7ac7a4e4]" name="bClass" is-config="true" duration-ms="2" started-at="2017-10-28T21:38:21Z" finished-at="2017-10-28T21:38:21Z">
          <reporter-output>
          </reporter-output>
        </test-method> <!-- bClass -->
        <test-method status="PASS" signature="a1Class()[pri:0, instance:pkg.Demo@7ac7a4e4]" name="a1Class" is-config="true" duration-ms="1" started-at="2017-10-28T21:38:21Z" finished-at="2017-10-28T21:38:21Z">
          <reporter-output>
          </reporter-output>
        </test-method> <!-- a1Class -->
        <test-method status="PASS" signature="atTest(java.lang.String, java.lang.String, java.lang.String)[pri:0, instance:pkg.Demo@7ac7a4e4]" name="atTest" duration-ms="36" started-at="2017-10-28T21:38:21Z" finished-at="2017-10-28T21:38:21Z">
          <params>
            <param index="0">
              <value>
                <![CDATA[Madhu]]>
              </value>
            </param>
            <param index="1">
              <value>
                <![CDATA[Madhu12]]>
              </value>
            </param>
            <param index="2">
              <value>
                <![CDATA[Madhu12]]>
              </value>
            </param>
          </params>
          <reporter-output>
          </reporter-output>
        </test-method> <!-- atTest -->
        <test-method status="PASS" signature="atTest2(java.lang.String, java.lang.String, java.lang.String)[pri:0, instance:pkg.Demo@7ac7a4e4]" name="atTest2" duration-ms="24" started-at="2017-10-28T21:38:21Z" finished-at="2017-10-28T21:38:21Z">
          <params>
            <param index="0">
              <value>
                <![CDATA[Madhu]]>
              </value>
            </param>
            <param index="1">
              <value>
                <![CDATA[Madhu12]]>
              </value>
            </param>
            <param index="2">
              <value>
                <![CDATA[Madhu12]]>
              </value>
            </param>
          </params>
          <reporter-output>
          </reporter-output>
        </test-method> <!-- atTest2 -->
        <test-method status="PASS" signature="a1Class()[pri:0, instance:pkg.Demo@7ac7a4e4]" name="a1Class" is-config="true" duration-ms="0" started-at="2017-10-28T21:38:21Z" finished-at="2017-10-28T21:38:21Z">
          <reporter-output>
          </reporter-output>
        </test-method> <!-- a1Class -->
        <test-method status="PASS" signature="a2Class()[pri:0, instance:pkg.Demo@7ac7a4e4]" name="a2Class" is-config="true" duration-ms="1" started-at="2017-10-28T21:38:21Z" finished-at="2017-10-28T21:38:21Z">
          <reporter-output>
          </reporter-output>
        </test-method> <!-- a2Class -->
        <test-method status="PASS" signature="a2Class()[pri:0, instance:pkg.Demo@7ac7a4e4]" name="a2Class" is-config="true" duration-ms="0" started-at="2017-10-28T21:38:21Z" finished-at="2017-10-28T21:38:21Z">
          <reporter-output>
          </reporter-output>
        </test-method> <!-- a2Class -->
        <test-method status="PASS" signature="aClass()[pri:0, instance:pkg.Demo@7ac7a4e4]" name="aClass" is-config="true" duration-ms="1" started-at="2017-10-28T21:38:21Z" finished-at="2017-10-28T21:38:21Z">
          <reporter-output>
          </reporter-output>
        </test-method> <!-- aClass -->
        <test-method status="PASS" signature="aTest()[pri:0, instance:pkg.Demo@7ac7a4e4]" name="aTest" is-config="true" duration-ms="1" started-at="2017-10-28T21:38:21Z" finished-at="2017-10-28T21:38:21Z">
          <reporter-output>
          </reporter-output>
        </test-method> <!-- aTest -->
      </class> <!-- pkg.Demo -->
    </test> <!-- Regression1 -->
  </suite> <!-- Suite1 -->
</testng-results>
