<?xml version="1.0" encoding="UTF-8"?>
<!-- Generated by org.testng.reporters.JUnitXMLReporter -->
<testsuite hostname="MYPC" ignored="2" name="Regression1" tests="4" failures="0" timestamp="28 Oct 2017 16:08:21 GMT" time="0.3" errors="0">
  <testcase name="test2" time="0.017" classname="pkg.testOnlyOnClass"/>
  <testcase name="atTest2" time="0.024" classname="pkg.Demo"/>
  <testcase name="test3" time="0.031" classname="pkg.testOnlyOnClass"/>
  <testcase name="atTest" time="0.036" classname="pkg.Demo"/>
  <testcase name="@BeforeTest bTest" time="0.0" classname="pkg.base">
    <ignored/>
  </testcase> <!-- @BeforeTest bTest -->
  <testcase name="@AfterTest aTest" time="0.0" classname="pkg.base">
    <ignored/>
  </testcase> <!-- @AfterTest aTest -->
</testsuite> <!-- Regression1 -->
